# JRE version: OpenJDK Runtime Environment (8.0_202-b03) (build 1.8.0_202-release-1483-b03)
# Java VM: OpenJDK 64-Bit Server VM (25.202-b03 mixed mode windows-amd64 compressed oops)
Heap:
 PSYoungGen      total 256512K, used 35542K [0x00000000e0000000, 0x00000000f3f00000, 0x0000000100000000)
  eden space 221184K, 2% used [0x00000000e0000000,0x00000000e0671880,0x00000000ed800000)
  from space 35328K, 81% used [0x00000000ed800000,0x00000000ef444118,0x00000000efa80000)
  to   space 38400K, 0% used [0x00000000f1980000,0x00000000f1980000,0x00000000f3f00000)
 ParOldGen       total 156160K, used 87231K [0x00000000a0000000, 0x00000000a9880000, 0x00000000e0000000)
  object space 156160K, 55% used [0x00000000a0000000,0x00000000a552fea8,0x00000000a9880000)
 Metaspace       used 75776K, capacity 78722K, committed 78936K, reserved 1118208K
  class space    used 9893K, capacity 10569K, committed 10624K, reserved 1048576K
GC Heap History (10 events):
Event: 138.721 GC heap before
{Heap before GC invocations=23 (full 3):
 PSYoungGen      total 206848K, used 202729K [0x00000000e0000000, 0x00000000ef880000, 0x0000000100000000)
  eden space 191488K, 97% used [0x00000000e0000000,0x00000000eb6fe3a8,0x00000000ebb00000)
  from space 15360K, 99% used [0x00000000ebb00000,0x00000000ec9fc0a0,0x00000000eca00000)
  to   space 19968K, 0% used [0x00000000ee500000,0x00000000ee500000,0x00000000ef880000)
 ParOldGen       total 78336K, used 51409K [0x00000000a0000000, 0x00000000a4c80000, 0x00000000e0000000)
  object space 78336K, 65% used [0x00000000a0000000,0x00000000a32347c0,0x00000000a4c80000)
 Metaspace       used 70843K, capacity 73392K, committed 73688K, reserved 1114112K
  class space    used 9304K, capacity 9886K, committed 9984K, reserved 1048576K
Event: 138.791 GC heap after
Heap after GC invocations=23 (full 3):
 PSYoungGen      total 217600K, used 19956K [0x00000000e0000000, 0x00000000f1d00000, 0x0000000100000000)
  eden space 197632K, 0% used [0x00000000e0000000,0x00000000e0000000,0x00000000ec100000)
  from space 19968K, 99% used [0x00000000ee500000,0x00000000ef87d3e0,0x00000000ef880000)
  to   space 36864K, 0% used [0x00000000ec100000,0x00000000ec100000,0x00000000ee500000)
 ParOldGen       total 87552K, used 87501K [0x00000000a0000000, 0x00000000a5580000, 0x00000000e0000000)
  object space 87552K, 99% used [0x00000000a0000000,0x00000000a5573748,0x00000000a5580000)
 Metaspace       used 70843K, capacity 73392K, committed 73688K, reserved 1114112K
  class space    used 9304K, capacity 9886K, committed 9984K, reserved 1048576K
}
Event: 138.792 GC heap before
{Heap before GC invocations=24 (full 4):
 PSYoungGen      total 217600K, used 19956K [0x00000000e0000000, 0x00000000f1d00000, 0x0000000100000000)
  eden space 197632K, 0% used [0x00000000e0000000,0x00000000e0000000,0x00000000ec100000)
  from space 19968K, 99% used [0x00000000ee500000,0x00000000ef87d3e0,0x00000000ef880000)
  to   space 36864K, 0% used [0x00000000ec100000,0x00000000ec100000,0x00000000ee500000)
 ParOldGen       total 87552K, used 87501K [0x00000000a0000000, 0x00000000a5580000, 0x00000000e0000000)
  object space 87552K, 99% used [0x00000000a0000000,0x00000000a5573748,0x00000000a5580000)
 Metaspace       used 70843K, capacity 73392K, committed 73688K, reserved 1114112K
  class space    used 9304K, capacity 9886K, committed 9984K, reserved 1048576K
Event: 139.549 GC heap after
Heap after GC invocations=24 (full 4):
 PSYoungGen      total 217600K, used 4276K [0x00000000e0000000, 0x00000000f1d00000, 0x0000000100000000)
  eden space 197632K, 0% used [0x00000000e0000000,0x00000000e0000000,0x00000000ec100000)
  from space 19968K, 21% used [0x00000000ee500000,0x00000000ee92d0b0,0x00000000ef880000)
  to   space 36864K, 0% used [0x00000000ec100000,0x00000000ec100000,0x00000000ee500000)
 ParOldGen       total 156160K, used 86946K [0x00000000a0000000, 0x00000000a9880000, 0x00000000e0000000)
  object space 156160K, 55% used [0x00000000a0000000,0x00000000a54e8ad0,0x00000000a9880000)
 Metaspace       used 70754K, capacity 73130K, committed 73688K, reserved 1114112K
  class space    used 9277K, capacity 9837K, committed 9984K, reserved 1048576K
}
Event: 737.309 GC heap before
{Heap before GC invocations=25 (full 4):
 PSYoungGen      total 217600K, used 201908K [0x00000000e0000000, 0x00000000f1d00000, 0x0000000100000000)
  eden space 197632K, 100% used [0x00000000e0000000,0x00000000ec100000,0x00000000ec100000)
  from space 19968K, 21% used [0x00000000ee500000,0x00000000ee92d0b0,0x00000000ef880000)
  to   space 36864K, 0% used [0x00000000ec100000,0x00000000ec100000,0x00000000ee500000)
 ParOldGen       total 156160K, used 86981K [0x00000000a0000000, 0x00000000a9880000, 0x00000000e0000000)
  object space 156160K, 55% used [0x00000000a0000000,0x00000000a54f1438,0x00000000a9880000)
 Metaspace       used 73576K, capacity 76308K, committed 76376K, reserved 1116160K
  class space    used 9686K, capacity 10300K, committed 10368K, reserved 1048576K
Event: 738.351 GC heap after
Heap after GC invocations=25 (full 4):
 PSYoungGen      total 234496K, used 17684K [0x00000000e0000000, 0x00000000f2100000, 0x0000000100000000)
  eden space 197632K, 0% used [0x00000000e0000000,0x00000000e0000000,0x00000000ec100000)
  from space 36864K, 47% used [0x00000000ec100000,0x00000000ed245018,0x00000000ee500000)
  to   space 35840K, 0% used [0x00000000efe00000,0x00000000efe00000,0x00000000f2100000)
 ParOldGen       total 156160K, used 87215K [0x00000000a0000000, 0x00000000a9880000, 0x00000000e0000000)
  object space 156160K, 55% used [0x00000000a0000000,0x00000000a552bea8,0x00000000a9880000)
 Metaspace       used 73576K, capacity 76308K, committed 76376K, reserved 1116160K
  class space    used 9686K, capacity 10300K, committed 10368K, reserved 1048576K
}
Event: 911.344 GC heap before
{Heap before GC invocations=26 (full 4):
 PSYoungGen      total 234496K, used 215316K [0x00000000e0000000, 0x00000000f2100000, 0x0000000100000000)
  eden space 197632K, 100% used [0x00000000e0000000,0x00000000ec100000,0x00000000ec100000)
  from space 36864K, 47% used [0x00000000ec100000,0x00000000ed245018,0x00000000ee500000)
  to   space 35840K, 0% used [0x00000000efe00000,0x00000000efe00000,0x00000000f2100000)
 ParOldGen       total 156160K, used 87215K [0x00000000a0000000, 0x00000000a9880000, 0x00000000e0000000)
  object space 156160K, 55% used [0x00000000a0000000,0x00000000a552bea8,0x00000000a9880000)
 Metaspace       used 75202K, capacity 77958K, committed 78168K, reserved 1116160K
  class space    used 9856K, capacity 10499K, committed 10624K, reserved 1048576K
Event: 912.011 GC heap after
Heap after GC invocations=26 (full 4):
 PSYoungGen      total 252928K, used 16796K [0x00000000e0000000, 0x00000000f1d00000, 0x0000000100000000)
  eden space 221184K, 0% used [0x00000000e0000000,0x00000000e0000000,0x00000000ed800000)
  from space 31744K, 52% used [0x00000000efe00000,0x00000000f0e67238,0x00000000f1d00000)
  to   space 35328K, 0% used [0x00000000ed800000,0x00000000ed800000,0x00000000efa80000)
 ParOldGen       total 156160K, used 87223K [0x00000000a0000000, 0x00000000a9880000, 0x00000000e0000000)
  object space 156160K, 55% used [0x00000000a0000000,0x00000000a552dea8,0x00000000a9880000)
 Metaspace       used 75202K, capacity 77958K, committed 78168K, reserved 1116160K
  class space    used 9856K, capacity 10499K, committed 10624K, reserved 1048576K
}
Event: 963.708 GC heap before
{Heap before GC invocations=27 (full 4):
 PSYoungGen      total 252928K, used 237980K [0x00000000e0000000, 0x00000000f1d00000, 0x0000000100000000)
  eden space 221184K, 100% used [0x00000000e0000000,0x00000000ed800000,0x00000000ed800000)
  from space 31744K, 52% used [0x00000000efe00000,0x00000000f0e67238,0x00000000f1d00000)
  to   space 35328K, 0% used [0x00000000ed800000,0x00000000ed800000,0x00000000efa80000)
 ParOldGen       total 156160K, used 87223K [0x00000000a0000000, 0x00000000a9880000, 0x00000000e0000000)
  object space 156160K, 55% used [0x00000000a0000000,0x00000000a552dea8,0x00000000a9880000)
 Metaspace       used 75770K, capacity 78722K, committed 78936K, reserved 1118208K
  class space    used 9893K, capacity 10569K, committed 10624K, reserved 1048576K
Event: 964.389 GC heap after
Heap after GC invocations=27 (full 4):
 PSYoungGen      total 256512K, used 28944K [0x00000000e0000000, 0x00000000f3f00000, 0x0000000100000000)
  eden space 221184K, 0% used [0x00000000e0000000,0x00000000e0000000,0x00000000ed800000)
  from space 35328K, 81% used [0x00000000ed800000,0x00000000ef444118,0x00000000efa80000)
  to   space 38400K, 0% used [0x00000000f1980000,0x00000000f1980000,0x00000000f3f00000)
 ParOldGen       total 156160K, used 87231K [0x00000000a0000000, 0x00000000a9880000, 0x00000000e0000000)
  object space 156160K, 55% used [0x00000000a0000000,0x00000000a552fea8,0x00000000a9880000)
 Metaspace       used 75770K, capacity 78722K, committed 78936K, reserved 1118208K
  class space    used 9893K, capacity 10569K, committed 10624K, reserved 1048576K
}

