# JRE version: OpenJDK Runtime Environment (8.0_202-b03) (build 1.8.0_202-release-1483-b03)
# Java VM: OpenJDK 64-Bit Server VM (25.202-b03 mixed mode windows-amd64 compressed oops)
Heap:
 PSYoungGen      total 152576K, used 96228K [0x00000000e0000000, 0x00000000ea900000, 0x0000000100000000)
  eden space 140800K, 60% used [0x00000000e0000000,0x00000000e528eb00,0x00000000e8980000)
  from space 11776K, 99% used [0x00000000e9d80000,0x00000000ea8ea7e8,0x00000000ea900000)
  to   space 14848K, 0% used [0x00000000e8c00000,0x00000000e8c00000,0x00000000e9a80000)
 ParOldGen       total 88576K, used 35969K [0x00000000a0000000, 0x00000000a5680000, 0x00000000e0000000)
  object space 88576K, 40% used [0x00000000a0000000,0x00000000a2320778,0x00000000a5680000)
 Metaspace       used 61232K, capacity 63314K, committed 63360K, reserved 1103872K
  class space    used 8271K, capacity 8809K, committed 8832K, reserved 1048576K
GC Heap History (10 events):
Event: 21.901 GC heap before
{Heap before GC invocations=17 (full 2):
 PSYoungGen      total 100352K, used 92672K [0x00000000e0000000, 0x00000000e7080000, 0x0000000100000000)
  eden space 92672K, 100% used [0x00000000e0000000,0x00000000e5a80000,0x00000000e5a80000)
  from space 7680K, 0% used [0x00000000e6280000,0x00000000e6280000,0x00000000e6a00000)
  to   space 8192K, 0% used [0x00000000e5a80000,0x00000000e5a80000,0x00000000e6280000)
 ParOldGen       total 53248K, used 16443K [0x00000000a0000000, 0x00000000a3400000, 0x00000000e0000000)
  object space 53248K, 30% used [0x00000000a0000000,0x00000000a100eed8,0x00000000a3400000)
 Metaspace       used 44800K, capacity 45768K, committed 46080K, reserved 1089536K
  class space    used 6016K, capacity 6290K, committed 6400K, reserved 1048576K
Event: 21.936 GC heap after
Heap after GC invocations=17 (full 2):
 PSYoungGen      total 100864K, used 8175K [0x00000000e0000000, 0x00000000e9080000, 0x0000000100000000)
  eden space 92672K, 0% used [0x00000000e0000000,0x00000000e0000000,0x00000000e5a80000)
  from space 8192K, 99% used [0x00000000e5a80000,0x00000000e627bcb0,0x00000000e6280000)
  to   space 11264K, 0% used [0x00000000e8580000,0x00000000e8580000,0x00000000e9080000)
 ParOldGen       total 53248K, used 22298K [0x00000000a0000000, 0x00000000a3400000, 0x00000000e0000000)
  object space 53248K, 41% used [0x00000000a0000000,0x00000000a15c68b0,0x00000000a3400000)
 Metaspace       used 44800K, capacity 45768K, committed 46080K, reserved 1089536K
  class space    used 6016K, capacity 6290K, committed 6400K, reserved 1048576K
}
Event: 26.646 GC heap before
{Heap before GC invocations=18 (full 2):
 PSYoungGen      total 100864K, used 100847K [0x00000000e0000000, 0x00000000e9080000, 0x0000000100000000)
  eden space 92672K, 100% used [0x00000000e0000000,0x00000000e5a80000,0x00000000e5a80000)
  from space 8192K, 99% used [0x00000000e5a80000,0x00000000e627bcb0,0x00000000e6280000)
  to   space 11264K, 0% used [0x00000000e8580000,0x00000000e8580000,0x00000000e9080000)
 ParOldGen       total 53248K, used 22298K [0x00000000a0000000, 0x00000000a3400000, 0x00000000e0000000)
  object space 53248K, 41% used [0x00000000a0000000,0x00000000a15c68b0,0x00000000a3400000)
 Metaspace       used 50981K, capacity 52246K, committed 52480K, reserved 1093632K
  class space    used 6885K, capacity 7308K, committed 7424K, reserved 1048576K
Event: 26.679 GC heap after
Heap after GC invocations=18 (full 2):
 PSYoungGen      total 134144K, used 10274K [0x00000000e0000000, 0x00000000e9100000, 0x0000000100000000)
  eden space 122880K, 0% used [0x00000000e0000000,0x00000000e0000000,0x00000000e7800000)
  from space 11264K, 91% used [0x00000000e8580000,0x00000000e8f88b60,0x00000000e9080000)
  to   space 12800K, 0% used [0x00000000e7800000,0x00000000e7800000,0x00000000e8480000)
 ParOldGen       total 53248K, used 27650K [0x00000000a0000000, 0x00000000a3400000, 0x00000000e0000000)
  object space 53248K, 51% used [0x00000000a0000000,0x00000000a1b008e8,0x00000000a3400000)
 Metaspace       used 50981K, capacity 52246K, committed 52480K, reserved 1093632K
  class space    used 6885K, capacity 7308K, committed 7424K, reserved 1048576K
}
Event: 36.481 GC heap before
{Heap before GC invocations=19 (full 2):
 PSYoungGen      total 134144K, used 108810K [0x00000000e0000000, 0x00000000e9100000, 0x0000000100000000)
  eden space 122880K, 80% used [0x00000000e0000000,0x00000000e6039cf0,0x00000000e7800000)
  from space 11264K, 91% used [0x00000000e8580000,0x00000000e8f88b60,0x00000000e9080000)
  to   space 12800K, 0% used [0x00000000e7800000,0x00000000e7800000,0x00000000e8480000)
 ParOldGen       total 53248K, used 27650K [0x00000000a0000000, 0x00000000a3400000, 0x00000000e0000000)
  object space 53248K, 51% used [0x00000000a0000000,0x00000000a1b008e8,0x00000000a3400000)
 Metaspace       used 57354K, capacity 58962K, committed 59096K, reserved 1099776K
  class space    used 7773K, capacity 8209K, committed 8320K, reserved 1048576K
Event: 36.529 GC heap after
Heap after GC invocations=19 (full 2):
 PSYoungGen      total 135680K, used 10251K [0x00000000e0000000, 0x00000000eab00000, 0x0000000100000000)
  eden space 122880K, 0% used [0x00000000e0000000,0x00000000e0000000,0x00000000e7800000)
  from space 12800K, 80% used [0x00000000e7800000,0x00000000e8202e20,0x00000000e8480000)
  to   space 13824K, 0% used [0x00000000e9d80000,0x00000000e9d80000,0x00000000eab00000)
 ParOldGen       total 53248K, used 32698K [0x00000000a0000000, 0x00000000a3400000, 0x00000000e0000000)
  object space 53248K, 61% used [0x00000000a0000000,0x00000000a1feeaf0,0x00000000a3400000)
 Metaspace       used 57354K, capacity 58962K, committed 59096K, reserved 1099776K
  class space    used 7773K, capacity 8209K, committed 8320K, reserved 1048576K
}
Event: 36.529 GC heap before
{Heap before GC invocations=20 (full 3):
 PSYoungGen      total 135680K, used 10251K [0x00000000e0000000, 0x00000000eab00000, 0x0000000100000000)
  eden space 122880K, 0% used [0x00000000e0000000,0x00000000e0000000,0x00000000e7800000)
  from space 12800K, 80% used [0x00000000e7800000,0x00000000e8202e20,0x00000000e8480000)
  to   space 13824K, 0% used [0x00000000e9d80000,0x00000000e9d80000,0x00000000eab00000)
 ParOldGen       total 53248K, used 32698K [0x00000000a0000000, 0x00000000a3400000, 0x00000000e0000000)
  object space 53248K, 61% used [0x00000000a0000000,0x00000000a1feeaf0,0x00000000a3400000)
 Metaspace       used 57354K, capacity 58962K, committed 59096K, reserved 1099776K
  class space    used 7773K, capacity 8209K, committed 8320K, reserved 1048576K
Event: 37.229 GC heap after
Heap after GC invocations=20 (full 3):
 PSYoungGen      total 135680K, used 0K [0x00000000e0000000, 0x00000000eab00000, 0x0000000100000000)
  eden space 122880K, 0% used [0x00000000e0000000,0x00000000e0000000,0x00000000e7800000)
  from space 12800K, 0% used [0x00000000e7800000,0x00000000e7800000,0x00000000e8480000)
  to   space 13824K, 0% used [0x00000000e9d80000,0x00000000e9d80000,0x00000000eab00000)
 ParOldGen       total 88576K, used 35961K [0x00000000a0000000, 0x00000000a5680000, 0x00000000e0000000)
  object space 88576K, 40% used [0x00000000a0000000,0x00000000a231e778,0x00000000a5680000)
 Metaspace       used 57354K, capacity 58962K, committed 59096K, reserved 1099776K
  class space    used 7773K, capacity 8209K, committed 8320K, reserved 1048576K
}
Event: 42.360 GC heap before
{Heap before GC invocations=21 (full 3):
 PSYoungGen      total 135680K, used 122880K [0x00000000e0000000, 0x00000000eab00000, 0x0000000100000000)
  eden space 122880K, 100% used [0x00000000e0000000,0x00000000e7800000,0x00000000e7800000)
  from space 12800K, 0% used [0x00000000e7800000,0x00000000e7800000,0x00000000e8480000)
  to   space 13824K, 0% used [0x00000000e9d80000,0x00000000e9d80000,0x00000000eab00000)
 ParOldGen       total 88576K, used 35961K [0x00000000a0000000, 0x00000000a5680000, 0x00000000e0000000)
  object space 88576K, 40% used [0x00000000a0000000,0x00000000a231e778,0x00000000a5680000)
 Metaspace       used 60222K, capacity 62124K, committed 62464K, reserved 1103872K
  class space    used 8157K, capacity 8606K, committed 8704K, reserved 1048576K
Event: 42.410 GC heap after
Heap after GC invocations=21 (full 3):
 PSYoungGen      total 152576K, used 11689K [0x00000000e0000000, 0x00000000ea900000, 0x0000000100000000)
  eden space 140800K, 0% used [0x00000000e0000000,0x00000000e0000000,0x00000000e8980000)
  from space 11776K, 99% used [0x00000000e9d80000,0x00000000ea8ea7e8,0x00000000ea900000)
  to   space 14848K, 0% used [0x00000000e8c00000,0x00000000e8c00000,0x00000000e9a80000)
 ParOldGen       total 88576K, used 35969K [0x00000000a0000000, 0x00000000a5680000, 0x00000000e0000000)
  object space 88576K, 40% used [0x00000000a0000000,0x00000000a2320778,0x00000000a5680000)
 Metaspace       used 60222K, capacity 62124K, committed 62464K, reserved 1103872K
  class space    used 8157K, capacity 8606K, committed 8704K, reserved 1048576K
}

